Nonterminals useless in grammar

    variable_list_notNone
    actual_list_notNone


Terminals unused in grammar

    VAR


Rules useless in parser due to conflicts

    8 variableDecl_list: %empty

   32 stmt_list: %empty
   33          | stmt_list stmt


State 14 conflicts: 1 shift/reduce
State 19 conflicts: 2 shift/reduce, 55 reduce/reduce
State 25 conflicts: 1 shift/reduce, 18 reduce/reduce
State 50 conflicts: 18 reduce/reduce
State 69 conflicts: 1 shift/reduce


Grammar

    0 $accept: program $end

    1 program: decl_list

    2 decl_list: decl
    3          | decl_list decl

    4 decl: variableDecl
    5     | callDecl

    6 variableDecl: variable ';'

    7 variableDecl_list: %empty
    8                  | %empty
    9                  | variableDecl
   10                  | variableDecl_list variableDecl

   11 variable: TYPEID OBJECTID

   12 callDecl: TYPEID FUNC OBJECTID '(' variable_list ')' stmtBlock
   13         | TYPEID FUNC OBJECTID '(' ')' stmtBlock

   14 variable_list: %empty
   15              | variable
   16              | variable_list ',' variable

   17 stmtBlock: '{' variableDecl_list stmt_list '}'
   18          | '{' stmt_list '}'
   19          | '{' variableDecl_list '}'
   20          | '{' '}'

   21 stmt_list: %empty
   22          | stmt_list stmt

   23 stmt: ';'
   24     | expr ';'
   25     | ifStmt
   26     | whileStmt
   27     | forStmt
   28     | breakStmt
   29     | continueStmt
   30     | returnStmt
   31     | stmtBlock

   32 stmt_list: %empty
   33          | stmt_list stmt

   34 ifStmt: IF expr stmtBlock ELSE stmtBlock
   35       | IF expr stmtBlock

   36 whileStmt: WHILE expr stmtBlock

   37 forStmt: FOR expr ';' expr ';' expr stmtBlock
   38        | FOR expr ';' expr ';' stmtBlock
   39        | FOR expr ';' ';' expr stmtBlock
   40        | FOR expr ';' ';' stmtBlock
   41        | FOR ';' expr ';' expr stmtBlock
   42        | FOR ';' expr ';' stmtBlock
   43        | FOR ';' ';' expr stmtBlock
   44        | FOR ';' ';' stmtBlock

   45 returnStmt: RETURN expr ';'
   46           | RETURN ';'

   47 continueStmt: CONTINUE ';'

   48 breakStmt: BREAK ';'

   49 expr: OBJECTID '=' expr
   50     | CONST_INT
   51     | CONST_BOOL
   52     | CONST_FLOAT
   53     | CONST_STRING
   54     | call
   55     | '(' expr ')'
   56     | OBJECTID
   57     | expr '+' expr
   58     | expr '-' expr
   59     | expr '*' expr
   60     | expr '/' expr
   61     | expr '%' expr
   62     | '-' expr
   63     | expr '<' expr
   64     | expr LE expr
   65     | expr EQUAL expr
   66     | expr NE expr
   67     | expr GE expr
   68     | expr '>' expr
   69     | expr AND expr
   70     | expr OR expr
   71     | expr '^' expr
   72     | '!' expr
   73     | '~' expr
   74     | expr '&' expr
   75     | expr '|' expr

   76 call: OBJECTID '(' actual_list ')'
   77     | OBJECTID '(' ')'

   78 actual: expr

   79 actual_list: %empty
   80            | actual
   81            | actual_list ',' actual


Terminals, with rules where they appear

    $end (0) 0
    '!' (33) 72
    '%' (37) 61
    '&' (38) 74
    '(' (40) 12 13 55 76 77
    ')' (41) 12 13 55 76 77
    '*' (42) 59
    '+' (43) 57
    ',' (44) 16 81
    '-' (45) 58 62
    '/' (47) 60
    ';' (59) 6 23 24 37 38 39 40 41 42 43 44 45 46 47 48
    '<' (60) 63
    '=' (61) 49
    '>' (62) 68
    '^' (94) 71
    '{' (123) 17 18 19 20
    '|' (124) 75
    '}' (125) 17 18 19 20
    '~' (126) 73
    error (256)
    IF (258) 34 35
    ELSE (260) 34
    WHILE (261) 36
    FOR (262) 37 38 39 40 41 42 43 44
    BREAK (263) 48
    CONTINUE (264) 47
    FUNC (265) 12 13
    RETURN (266) 45 46
    CONST_BOOL <boolean> (267) 51
    CONST_INT <symbol> (268) 50
    CONST_STRING <symbol> (269) 53
    CONST_FLOAT <symbol> (270) 52
    VAR (271)
    AND (274) 69
    OR (275) 70
    EQUAL (276) 65
    NE (277) 66
    GE (278) 67
    LE (279) 64
    OBJECTID <symbol> (284) 11 12 13 49 56 76 77
    TYPEID <symbol> (285) 11 12 13
    UMINUS (287)


Nonterminals, with rules where they appear

    $accept (44)
        on left: 0
    program <program> (45)
        on left: 1
        on right: 0
    decl_list <decls> (46)
        on left: 2 3
        on right: 1 3
    decl <decl> (47)
        on left: 4 5
        on right: 2 3
    variableDecl <variableDecl> (48)
        on left: 6
        on right: 4 9 10
    variableDecl_list <variableDecls> (49)
        on left: 7 8 9 10
        on right: 10 17 19
    variable <variable> (50)
        on left: 11
        on right: 6 15 16
    callDecl <callDecl> (51)
        on left: 12 13
        on right: 5
    variable_list <variables> (52)
        on left: 14 15 16
        on right: 12 16
    stmtBlock <stmtBlock> (53)
        on left: 17 18 19 20
        on right: 12 13 31 34 35 36 37 38 39 40 41 42 43 44
    stmt_list <stmts> (54)
        on left: 21 22 32 33
        on right: 17 18 22 33
    stmt <stmt> (55)
        on left: 23 24 25 26 27 28 29 30 31
        on right: 22 33
    ifStmt <ifStmt> (56)
        on left: 34 35
        on right: 25
    whileStmt <whileStmt> (57)
        on left: 36
        on right: 26
    forStmt <forStmt> (58)
        on left: 37 38 39 40 41 42 43 44
        on right: 27
    returnStmt <returnStmt> (59)
        on left: 45 46
        on right: 30
    continueStmt <continueStmt> (60)
        on left: 47
        on right: 29
    breakStmt <breakStmt> (61)
        on left: 48
        on right: 28
    expr <expr> (62)
        on left: 49 50 51 52 53 54 55 56 57 58 59 60 61 62 63 64 65 66 67 68 69 70 71 72 73 74 75
        on right: 24 34 35 36 37 38 39 40 41 42 43 45 49 55 57 58 59 60 61 62 63 64 65 66 67 68 69 70 71 72 73 74 75 78
    call <call> (63)
        on left: 76 77
        on right: 54
    actual <actual> (64)
        on left: 78
        on right: 80 81
    actual_list <actuals> (65)
        on left: 79 80 81
        on right: 76 81


State 0

    0 $accept: . program $end

    TYPEID  shift, and go to state 1

    program       go to state 2
    decl_list     go to state 3
    decl          go to state 4
    variableDecl  go to state 5
    variable      go to state 6
    callDecl      go to state 7


State 1

   11 variable: TYPEID . OBJECTID
   12 callDecl: TYPEID . FUNC OBJECTID '(' variable_list ')' stmtBlock
   13         | TYPEID . FUNC OBJECTID '(' ')' stmtBlock

    FUNC      shift, and go to state 8
    OBJECTID  shift, and go to state 9


State 2

    0 $accept: program . $end

    $end  shift, and go to state 10


State 3

    1 program: decl_list .
    3 decl_list: decl_list . decl

    TYPEID  shift, and go to state 1

    $default  reduce using rule 1 (program)

    decl          go to state 11
    variableDecl  go to state 5
    variable      go to state 6
    callDecl      go to state 7


State 4

    2 decl_list: decl .

    $default  reduce using rule 2 (decl_list)


State 5

    4 decl: variableDecl .

    $default  reduce using rule 4 (decl)


State 6

    6 variableDecl: variable . ';'

    ';'  shift, and go to state 12


State 7

    5 decl: callDecl .

    $default  reduce using rule 5 (decl)


State 8

   12 callDecl: TYPEID FUNC . OBJECTID '(' variable_list ')' stmtBlock
   13         | TYPEID FUNC . OBJECTID '(' ')' stmtBlock

    OBJECTID  shift, and go to state 13


State 9

   11 variable: TYPEID OBJECTID .

    $default  reduce using rule 11 (variable)


State 10

    0 $accept: program $end .

    $default  accept


State 11

    3 decl_list: decl_list decl .

    $default  reduce using rule 3 (decl_list)


State 12

    6 variableDecl: variable ';' .

    $default  reduce using rule 6 (variableDecl)


State 13

   12 callDecl: TYPEID FUNC OBJECTID . '(' variable_list ')' stmtBlock
   13         | TYPEID FUNC OBJECTID . '(' ')' stmtBlock

    '('  shift, and go to state 14


State 14

   12 callDecl: TYPEID FUNC OBJECTID '(' . variable_list ')' stmtBlock
   13         | TYPEID FUNC OBJECTID '(' . ')' stmtBlock

    TYPEID  shift, and go to state 15
    ')'     shift, and go to state 16

    ')'       [reduce using rule 14 (variable_list)]
    $default  reduce using rule 14 (variable_list)

    variable       go to state 17
    variable_list  go to state 18


State 15

   11 variable: TYPEID . OBJECTID

    OBJECTID  shift, and go to state 9


State 16

   13 callDecl: TYPEID FUNC OBJECTID '(' ')' . stmtBlock

    '{'  shift, and go to state 19

    stmtBlock  go to state 20


State 17

   15 variable_list: variable .

    $default  reduce using rule 15 (variable_list)


State 18

   12 callDecl: TYPEID FUNC OBJECTID '(' variable_list . ')' stmtBlock
   16 variable_list: variable_list . ',' variable

    ')'  shift, and go to state 21
    ','  shift, and go to state 22


State 19

   17 stmtBlock: '{' . variableDecl_list stmt_list '}'
   18          | '{' . stmt_list '}'
   19          | '{' . variableDecl_list '}'
   20          | '{' . '}'

    TYPEID  shift, and go to state 15
    '}'     shift, and go to state 23

    IF            reduce using rule 7 (variableDecl_list)
    IF            [reduce using rule 8 (variableDecl_list)]
    IF            [reduce using rule 21 (stmt_list)]
    IF            [reduce using rule 32 (stmt_list)]
    WHILE         reduce using rule 7 (variableDecl_list)
    WHILE         [reduce using rule 8 (variableDecl_list)]
    WHILE         [reduce using rule 21 (stmt_list)]
    WHILE         [reduce using rule 32 (stmt_list)]
    FOR           reduce using rule 7 (variableDecl_list)
    FOR           [reduce using rule 8 (variableDecl_list)]
    FOR           [reduce using rule 21 (stmt_list)]
    FOR           [reduce using rule 32 (stmt_list)]
    BREAK         reduce using rule 7 (variableDecl_list)
    BREAK         [reduce using rule 8 (variableDecl_list)]
    BREAK         [reduce using rule 21 (stmt_list)]
    BREAK         [reduce using rule 32 (stmt_list)]
    CONTINUE      reduce using rule 7 (variableDecl_list)
    CONTINUE      [reduce using rule 8 (variableDecl_list)]
    CONTINUE      [reduce using rule 21 (stmt_list)]
    CONTINUE      [reduce using rule 32 (stmt_list)]
    RETURN        reduce using rule 7 (variableDecl_list)
    RETURN        [reduce using rule 8 (variableDecl_list)]
    RETURN        [reduce using rule 21 (stmt_list)]
    RETURN        [reduce using rule 32 (stmt_list)]
    CONST_BOOL    reduce using rule 7 (variableDecl_list)
    CONST_BOOL    [reduce using rule 8 (variableDecl_list)]
    CONST_BOOL    [reduce using rule 21 (stmt_list)]
    CONST_BOOL    [reduce using rule 32 (stmt_list)]
    CONST_INT     reduce using rule 7 (variableDecl_list)
    CONST_INT     [reduce using rule 8 (variableDecl_list)]
    CONST_INT     [reduce using rule 21 (stmt_list)]
    CONST_INT     [reduce using rule 32 (stmt_list)]
    CONST_STRING  reduce using rule 7 (variableDecl_list)
    CONST_STRING  [reduce using rule 8 (variableDecl_list)]
    CONST_STRING  [reduce using rule 21 (stmt_list)]
    CONST_STRING  [reduce using rule 32 (stmt_list)]
    CONST_FLOAT   reduce using rule 7 (variableDecl_list)
    CONST_FLOAT   [reduce using rule 8 (variableDecl_list)]
    CONST_FLOAT   [reduce using rule 21 (stmt_list)]
    CONST_FLOAT   [reduce using rule 32 (stmt_list)]
    OBJECTID      reduce using rule 7 (variableDecl_list)
    OBJECTID      [reduce using rule 8 (variableDecl_list)]
    OBJECTID      [reduce using rule 21 (stmt_list)]
    OBJECTID      [reduce using rule 32 (stmt_list)]
    TYPEID        [reduce using rule 7 (variableDecl_list)]
    TYPEID        [reduce using rule 8 (variableDecl_list)]
    '-'           reduce using rule 7 (variableDecl_list)
    '-'           [reduce using rule 8 (variableDecl_list)]
    '-'           [reduce using rule 21 (stmt_list)]
    '-'           [reduce using rule 32 (stmt_list)]
    '!'           reduce using rule 7 (variableDecl_list)
    '!'           [reduce using rule 8 (variableDecl_list)]
    '!'           [reduce using rule 21 (stmt_list)]
    '!'           [reduce using rule 32 (stmt_list)]
    '~'           reduce using rule 7 (variableDecl_list)
    '~'           [reduce using rule 8 (variableDecl_list)]
    '~'           [reduce using rule 21 (stmt_list)]
    '~'           [reduce using rule 32 (stmt_list)]
    ';'           reduce using rule 7 (variableDecl_list)
    ';'           [reduce using rule 8 (variableDecl_list)]
    ';'           [reduce using rule 21 (stmt_list)]
    ';'           [reduce using rule 32 (stmt_list)]
    '('           reduce using rule 7 (variableDecl_list)
    '('           [reduce using rule 8 (variableDecl_list)]
    '('           [reduce using rule 21 (stmt_list)]
    '('           [reduce using rule 32 (stmt_list)]
    '{'           reduce using rule 7 (variableDecl_list)
    '{'           [reduce using rule 8 (variableDecl_list)]
    '{'           [reduce using rule 21 (stmt_list)]
    '{'           [reduce using rule 32 (stmt_list)]
    '}'           [reduce using rule 7 (variableDecl_list)]
    '}'           [reduce using rule 8 (variableDecl_list)]
    '}'           [reduce using rule 21 (stmt_list)]
    '}'           [reduce using rule 32 (stmt_list)]
    $default      reduce using rule 7 (variableDecl_list)

    variableDecl       go to state 24
    variableDecl_list  go to state 25
    variable           go to state 6
    stmt_list          go to state 26


State 20

   13 callDecl: TYPEID FUNC OBJECTID '(' ')' stmtBlock .

    $default  reduce using rule 13 (callDecl)


State 21

   12 callDecl: TYPEID FUNC OBJECTID '(' variable_list ')' . stmtBlock

    '{'  shift, and go to state 19

    stmtBlock  go to state 27


State 22

   16 variable_list: variable_list ',' . variable

    TYPEID  shift, and go to state 15

    variable  go to state 28


State 23

   20 stmtBlock: '{' '}' .

    $default  reduce using rule 20 (stmtBlock)


State 24

    9 variableDecl_list: variableDecl .

    $default  reduce using rule 9 (variableDecl_list)


State 25

   10 variableDecl_list: variableDecl_list . variableDecl
   17 stmtBlock: '{' variableDecl_list . stmt_list '}'
   19          | '{' variableDecl_list . '}'

    TYPEID  shift, and go to state 15
    '}'     shift, and go to state 29

    IF            reduce using rule 21 (stmt_list)
    IF            [reduce using rule 32 (stmt_list)]
    WHILE         reduce using rule 21 (stmt_list)
    WHILE         [reduce using rule 32 (stmt_list)]
    FOR           reduce using rule 21 (stmt_list)
    FOR           [reduce using rule 32 (stmt_list)]
    BREAK         reduce using rule 21 (stmt_list)
    BREAK         [reduce using rule 32 (stmt_list)]
    CONTINUE      reduce using rule 21 (stmt_list)
    CONTINUE      [reduce using rule 32 (stmt_list)]
    RETURN        reduce using rule 21 (stmt_list)
    RETURN        [reduce using rule 32 (stmt_list)]
    CONST_BOOL    reduce using rule 21 (stmt_list)
    CONST_BOOL    [reduce using rule 32 (stmt_list)]
    CONST_INT     reduce using rule 21 (stmt_list)
    CONST_INT     [reduce using rule 32 (stmt_list)]
    CONST_STRING  reduce using rule 21 (stmt_list)
    CONST_STRING  [reduce using rule 32 (stmt_list)]
    CONST_FLOAT   reduce using rule 21 (stmt_list)
    CONST_FLOAT   [reduce using rule 32 (stmt_list)]
    OBJECTID      reduce using rule 21 (stmt_list)
    OBJECTID      [reduce using rule 32 (stmt_list)]
    '-'           reduce using rule 21 (stmt_list)
    '-'           [reduce using rule 32 (stmt_list)]
    '!'           reduce using rule 21 (stmt_list)
    '!'           [reduce using rule 32 (stmt_list)]
    '~'           reduce using rule 21 (stmt_list)
    '~'           [reduce using rule 32 (stmt_list)]
    ';'           reduce using rule 21 (stmt_list)
    ';'           [reduce using rule 32 (stmt_list)]
    '('           reduce using rule 21 (stmt_list)
    '('           [reduce using rule 32 (stmt_list)]
    '{'           reduce using rule 21 (stmt_list)
    '{'           [reduce using rule 32 (stmt_list)]
    '}'           [reduce using rule 21 (stmt_list)]
    '}'           [reduce using rule 32 (stmt_list)]
    $default      reduce using rule 21 (stmt_list)

    variableDecl  go to state 30
    variable      go to state 6
    stmt_list     go to state 31


State 26

   18 stmtBlock: '{' stmt_list . '}'
   22 stmt_list: stmt_list . stmt
   33          | stmt_list . stmt

    IF            shift, and go to state 32
    WHILE         shift, and go to state 33
    FOR           shift, and go to state 34
    BREAK         shift, and go to state 35
    CONTINUE      shift, and go to state 36
    RETURN        shift, and go to state 37
    CONST_BOOL    shift, and go to state 38
    CONST_INT     shift, and go to state 39
    CONST_STRING  shift, and go to state 40
    CONST_FLOAT   shift, and go to state 41
    OBJECTID      shift, and go to state 42
    '-'           shift, and go to state 43
    '!'           shift, and go to state 44
    '~'           shift, and go to state 45
    ';'           shift, and go to state 46
    '('           shift, and go to state 47
    '{'           shift, and go to state 19
    '}'           shift, and go to state 48

    stmtBlock     go to state 49
    stmt          go to state 50
    ifStmt        go to state 51
    whileStmt     go to state 52
    forStmt       go to state 53
    returnStmt    go to state 54
    continueStmt  go to state 55
    breakStmt     go to state 56
    expr          go to state 57
    call          go to state 58


State 27

   12 callDecl: TYPEID FUNC OBJECTID '(' variable_list ')' stmtBlock .

    $default  reduce using rule 12 (callDecl)


State 28

   16 variable_list: variable_list ',' variable .

    $default  reduce using rule 16 (variable_list)


State 29

   19 stmtBlock: '{' variableDecl_list '}' .

    $default  reduce using rule 19 (stmtBlock)


State 30

   10 variableDecl_list: variableDecl_list variableDecl .

    $default  reduce using rule 10 (variableDecl_list)


State 31

   17 stmtBlock: '{' variableDecl_list stmt_list . '}'
   22 stmt_list: stmt_list . stmt
   33          | stmt_list . stmt

    IF            shift, and go to state 32
    WHILE         shift, and go to state 33
    FOR           shift, and go to state 34
    BREAK         shift, and go to state 35
    CONTINUE      shift, and go to state 36
    RETURN        shift, and go to state 37
    CONST_BOOL    shift, and go to state 38
    CONST_INT     shift, and go to state 39
    CONST_STRING  shift, and go to state 40
    CONST_FLOAT   shift, and go to state 41
    OBJECTID      shift, and go to state 42
    '-'           shift, and go to state 43
    '!'           shift, and go to state 44
    '~'           shift, and go to state 45
    ';'           shift, and go to state 46
    '('           shift, and go to state 47
    '{'           shift, and go to state 19
    '}'           shift, and go to state 59

    stmtBlock     go to state 49
    stmt          go to state 50
    ifStmt        go to state 51
    whileStmt     go to state 52
    forStmt       go to state 53
    returnStmt    go to state 54
    continueStmt  go to state 55
    breakStmt     go to state 56
    expr          go to state 57
    call          go to state 58


State 32

   34 ifStmt: IF . expr stmtBlock ELSE stmtBlock
   35       | IF . expr stmtBlock

    CONST_BOOL    shift, and go to state 38
    CONST_INT     shift, and go to state 39
    CONST_STRING  shift, and go to state 40
    CONST_FLOAT   shift, and go to state 41
    OBJECTID      shift, and go to state 42
    '-'           shift, and go to state 43
    '!'           shift, and go to state 44
    '~'           shift, and go to state 45
    '('           shift, and go to state 47

    expr  go to state 60
    call  go to state 58


State 33

   36 whileStmt: WHILE . expr stmtBlock

    CONST_BOOL    shift, and go to state 38
    CONST_INT     shift, and go to state 39
    CONST_STRING  shift, and go to state 40
    CONST_FLOAT   shift, and go to state 41
    OBJECTID      shift, and go to state 42
    '-'           shift, and go to state 43
    '!'           shift, and go to state 44
    '~'           shift, and go to state 45
    '('           shift, and go to state 47

    expr  go to state 61
    call  go to state 58


State 34

   37 forStmt: FOR . expr ';' expr ';' expr stmtBlock
   38        | FOR . expr ';' expr ';' stmtBlock
   39        | FOR . expr ';' ';' expr stmtBlock
   40        | FOR . expr ';' ';' stmtBlock
   41        | FOR . ';' expr ';' expr stmtBlock
   42        | FOR . ';' expr ';' stmtBlock
   43        | FOR . ';' ';' expr stmtBlock
   44        | FOR . ';' ';' stmtBlock

    CONST_BOOL    shift, and go to state 38
    CONST_INT     shift, and go to state 39
    CONST_STRING  shift, and go to state 40
    CONST_FLOAT   shift, and go to state 41
    OBJECTID      shift, and go to state 42
    '-'           shift, and go to state 43
    '!'           shift, and go to state 44
    '~'           shift, and go to state 45
    ';'           shift, and go to state 62
    '('           shift, and go to state 47

    expr  go to state 63
    call  go to state 58


State 35

   48 breakStmt: BREAK . ';'

    ';'  shift, and go to state 64


State 36

   47 continueStmt: CONTINUE . ';'

    ';'  shift, and go to state 65


State 37

   45 returnStmt: RETURN . expr ';'
   46           | RETURN . ';'

    CONST_BOOL    shift, and go to state 38
    CONST_INT     shift, and go to state 39
    CONST_STRING  shift, and go to state 40
    CONST_FLOAT   shift, and go to state 41
    OBJECTID      shift, and go to state 42
    '-'           shift, and go to state 43
    '!'           shift, and go to state 44
    '~'           shift, and go to state 45
    ';'           shift, and go to state 66
    '('           shift, and go to state 47

    expr  go to state 67
    call  go to state 58


State 38

   51 expr: CONST_BOOL .

    $default  reduce using rule 51 (expr)


State 39

   50 expr: CONST_INT .

    $default  reduce using rule 50 (expr)


State 40

   53 expr: CONST_STRING .

    $default  reduce using rule 53 (expr)


State 41

   52 expr: CONST_FLOAT .

    $default  reduce using rule 52 (expr)


State 42

   49 expr: OBJECTID . '=' expr
   56     | OBJECTID .
   76 call: OBJECTID . '(' actual_list ')'
   77     | OBJECTID . '(' ')'

    '='  shift, and go to state 68
    '('  shift, and go to state 69

    $default  reduce using rule 56 (expr)


State 43

   62 expr: '-' . expr

    CONST_BOOL    shift, and go to state 38
    CONST_INT     shift, and go to state 39
    CONST_STRING  shift, and go to state 40
    CONST_FLOAT   shift, and go to state 41
    OBJECTID      shift, and go to state 42
    '-'           shift, and go to state 43
    '!'           shift, and go to state 44
    '~'           shift, and go to state 45
    '('           shift, and go to state 47

    expr  go to state 70
    call  go to state 58


State 44

   72 expr: '!' . expr

    CONST_BOOL    shift, and go to state 38
    CONST_INT     shift, and go to state 39
    CONST_STRING  shift, and go to state 40
    CONST_FLOAT   shift, and go to state 41
    OBJECTID      shift, and go to state 42
    '-'           shift, and go to state 43
    '!'           shift, and go to state 44
    '~'           shift, and go to state 45
    '('           shift, and go to state 47

    expr  go to state 71
    call  go to state 58


State 45

   73 expr: '~' . expr

    CONST_BOOL    shift, and go to state 38
    CONST_INT     shift, and go to state 39
    CONST_STRING  shift, and go to state 40
    CONST_FLOAT   shift, and go to state 41
    OBJECTID      shift, and go to state 42
    '-'           shift, and go to state 43
    '!'           shift, and go to state 44
    '~'           shift, and go to state 45
    '('           shift, and go to state 47

    expr  go to state 72
    call  go to state 58


State 46

   23 stmt: ';' .

    $default  reduce using rule 23 (stmt)


State 47

   55 expr: '(' . expr ')'

    CONST_BOOL    shift, and go to state 38
    CONST_INT     shift, and go to state 39
    CONST_STRING  shift, and go to state 40
    CONST_FLOAT   shift, and go to state 41
    OBJECTID      shift, and go to state 42
    '-'           shift, and go to state 43
    '!'           shift, and go to state 44
    '~'           shift, and go to state 45
    '('           shift, and go to state 47

    expr  go to state 73
    call  go to state 58


State 48

   18 stmtBlock: '{' stmt_list '}' .

    $default  reduce using rule 18 (stmtBlock)


State 49

   31 stmt: stmtBlock .

    $default  reduce using rule 31 (stmt)


State 50

   22 stmt_list: stmt_list stmt .
   33          | stmt_list stmt .

    IF            reduce using rule 22 (stmt_list)
    IF            [reduce using rule 33 (stmt_list)]
    WHILE         reduce using rule 22 (stmt_list)
    WHILE         [reduce using rule 33 (stmt_list)]
    FOR           reduce using rule 22 (stmt_list)
    FOR           [reduce using rule 33 (stmt_list)]
    BREAK         reduce using rule 22 (stmt_list)
    BREAK         [reduce using rule 33 (stmt_list)]
    CONTINUE      reduce using rule 22 (stmt_list)
    CONTINUE      [reduce using rule 33 (stmt_list)]
    RETURN        reduce using rule 22 (stmt_list)
    RETURN        [reduce using rule 33 (stmt_list)]
    CONST_BOOL    reduce using rule 22 (stmt_list)
    CONST_BOOL    [reduce using rule 33 (stmt_list)]
    CONST_INT     reduce using rule 22 (stmt_list)
    CONST_INT     [reduce using rule 33 (stmt_list)]
    CONST_STRING  reduce using rule 22 (stmt_list)
    CONST_STRING  [reduce using rule 33 (stmt_list)]
    CONST_FLOAT   reduce using rule 22 (stmt_list)
    CONST_FLOAT   [reduce using rule 33 (stmt_list)]
    OBJECTID      reduce using rule 22 (stmt_list)
    OBJECTID      [reduce using rule 33 (stmt_list)]
    '-'           reduce using rule 22 (stmt_list)
    '-'           [reduce using rule 33 (stmt_list)]
    '!'           reduce using rule 22 (stmt_list)
    '!'           [reduce using rule 33 (stmt_list)]
    '~'           reduce using rule 22 (stmt_list)
    '~'           [reduce using rule 33 (stmt_list)]
    ';'           reduce using rule 22 (stmt_list)
    ';'           [reduce using rule 33 (stmt_list)]
    '('           reduce using rule 22 (stmt_list)
    '('           [reduce using rule 33 (stmt_list)]
    '{'           reduce using rule 22 (stmt_list)
    '{'           [reduce using rule 33 (stmt_list)]
    '}'           reduce using rule 22 (stmt_list)
    '}'           [reduce using rule 33 (stmt_list)]
    $default      reduce using rule 22 (stmt_list)


State 51

   25 stmt: ifStmt .

    $default  reduce using rule 25 (stmt)


State 52

   26 stmt: whileStmt .

    $default  reduce using rule 26 (stmt)


State 53

   27 stmt: forStmt .

    $default  reduce using rule 27 (stmt)


State 54

   30 stmt: returnStmt .

    $default  reduce using rule 30 (stmt)


State 55

   29 stmt: continueStmt .

    $default  reduce using rule 29 (stmt)


State 56

   28 stmt: breakStmt .

    $default  reduce using rule 28 (stmt)


State 57

   24 stmt: expr . ';'
   57 expr: expr . '+' expr
   58     | expr . '-' expr
   59     | expr . '*' expr
   60     | expr . '/' expr
   61     | expr . '%' expr
   63     | expr . '<' expr
   64     | expr . LE expr
   65     | expr . EQUAL expr
   66     | expr . NE expr
   67     | expr . GE expr
   68     | expr . '>' expr
   69     | expr . AND expr
   70     | expr . OR expr
   71     | expr . '^' expr
   74     | expr . '&' expr
   75     | expr . '|' expr

    AND    shift, and go to state 74
    OR     shift, and go to state 75
    EQUAL  shift, and go to state 76
    NE     shift, and go to state 77
    GE     shift, and go to state 78
    LE     shift, and go to state 79
    '<'    shift, and go to state 80
    '>'    shift, and go to state 81
    '+'    shift, and go to state 82
    '-'    shift, and go to state 83
    '*'    shift, and go to state 84
    '/'    shift, and go to state 85
    '%'    shift, and go to state 86
    '&'    shift, and go to state 87
    '|'    shift, and go to state 88
    '^'    shift, and go to state 89
    ';'    shift, and go to state 90


State 58

   54 expr: call .

    $default  reduce using rule 54 (expr)


State 59

   17 stmtBlock: '{' variableDecl_list stmt_list '}' .

    $default  reduce using rule 17 (stmtBlock)


State 60

   34 ifStmt: IF expr . stmtBlock ELSE stmtBlock
   35       | IF expr . stmtBlock
   57 expr: expr . '+' expr
   58     | expr . '-' expr
   59     | expr . '*' expr
   60     | expr . '/' expr
   61     | expr . '%' expr
   63     | expr . '<' expr
   64     | expr . LE expr
   65     | expr . EQUAL expr
   66     | expr . NE expr
   67     | expr . GE expr
   68     | expr . '>' expr
   69     | expr . AND expr
   70     | expr . OR expr
   71     | expr . '^' expr
   74     | expr . '&' expr
   75     | expr . '|' expr

    AND    shift, and go to state 74
    OR     shift, and go to state 75
    EQUAL  shift, and go to state 76
    NE     shift, and go to state 77
    GE     shift, and go to state 78
    LE     shift, and go to state 79
    '<'    shift, and go to state 80
    '>'    shift, and go to state 81
    '+'    shift, and go to state 82
    '-'    shift, and go to state 83
    '*'    shift, and go to state 84
    '/'    shift, and go to state 85
    '%'    shift, and go to state 86
    '&'    shift, and go to state 87
    '|'    shift, and go to state 88
    '^'    shift, and go to state 89
    '{'    shift, and go to state 19

    stmtBlock  go to state 91


State 61

   36 whileStmt: WHILE expr . stmtBlock
   57 expr: expr . '+' expr
   58     | expr . '-' expr
   59     | expr . '*' expr
   60     | expr . '/' expr
   61     | expr . '%' expr
   63     | expr . '<' expr
   64     | expr . LE expr
   65     | expr . EQUAL expr
   66     | expr . NE expr
   67     | expr . GE expr
   68     | expr . '>' expr
   69     | expr . AND expr
   70     | expr . OR expr
   71     | expr . '^' expr
   74     | expr . '&' expr
   75     | expr . '|' expr

    AND    shift, and go to state 74
    OR     shift, and go to state 75
    EQUAL  shift, and go to state 76
    NE     shift, and go to state 77
    GE     shift, and go to state 78
    LE     shift, and go to state 79
    '<'    shift, and go to state 80
    '>'    shift, and go to state 81
    '+'    shift, and go to state 82
    '-'    shift, and go to state 83
    '*'    shift, and go to state 84
    '/'    shift, and go to state 85
    '%'    shift, and go to state 86
    '&'    shift, and go to state 87
    '|'    shift, and go to state 88
    '^'    shift, and go to state 89
    '{'    shift, and go to state 19

    stmtBlock  go to state 92


State 62

   41 forStmt: FOR ';' . expr ';' expr stmtBlock
   42        | FOR ';' . expr ';' stmtBlock
   43        | FOR ';' . ';' expr stmtBlock
   44        | FOR ';' . ';' stmtBlock

    CONST_BOOL    shift, and go to state 38
    CONST_INT     shift, and go to state 39
    CONST_STRING  shift, and go to state 40
    CONST_FLOAT   shift, and go to state 41
    OBJECTID      shift, and go to state 42
    '-'           shift, and go to state 43
    '!'           shift, and go to state 44
    '~'           shift, and go to state 45
    ';'           shift, and go to state 93
    '('           shift, and go to state 47

    expr  go to state 94
    call  go to state 58


State 63

   37 forStmt: FOR expr . ';' expr ';' expr stmtBlock
   38        | FOR expr . ';' expr ';' stmtBlock
   39        | FOR expr . ';' ';' expr stmtBlock
   40        | FOR expr . ';' ';' stmtBlock
   57 expr: expr . '+' expr
   58     | expr . '-' expr
   59     | expr . '*' expr
   60     | expr . '/' expr
   61     | expr . '%' expr
   63     | expr . '<' expr
   64     | expr . LE expr
   65     | expr . EQUAL expr
   66     | expr . NE expr
   67     | expr . GE expr
   68     | expr . '>' expr
   69     | expr . AND expr
   70     | expr . OR expr
   71     | expr . '^' expr
   74     | expr . '&' expr
   75     | expr . '|' expr

    AND    shift, and go to state 74
    OR     shift, and go to state 75
    EQUAL  shift, and go to state 76
    NE     shift, and go to state 77
    GE     shift, and go to state 78
    LE     shift, and go to state 79
    '<'    shift, and go to state 80
    '>'    shift, and go to state 81
    '+'    shift, and go to state 82
    '-'    shift, and go to state 83
    '*'    shift, and go to state 84
    '/'    shift, and go to state 85
    '%'    shift, and go to state 86
    '&'    shift, and go to state 87
    '|'    shift, and go to state 88
    '^'    shift, and go to state 89
    ';'    shift, and go to state 95


State 64

   48 breakStmt: BREAK ';' .

    $default  reduce using rule 48 (breakStmt)


State 65

   47 continueStmt: CONTINUE ';' .

    $default  reduce using rule 47 (continueStmt)


State 66

   46 returnStmt: RETURN ';' .

    $default  reduce using rule 46 (returnStmt)


State 67

   45 returnStmt: RETURN expr . ';'
   57 expr: expr . '+' expr
   58     | expr . '-' expr
   59     | expr . '*' expr
   60     | expr . '/' expr
   61     | expr . '%' expr
   63     | expr . '<' expr
   64     | expr . LE expr
   65     | expr . EQUAL expr
   66     | expr . NE expr
   67     | expr . GE expr
   68     | expr . '>' expr
   69     | expr . AND expr
   70     | expr . OR expr
   71     | expr . '^' expr
   74     | expr . '&' expr
   75     | expr . '|' expr

    AND    shift, and go to state 74
    OR     shift, and go to state 75
    EQUAL  shift, and go to state 76
    NE     shift, and go to state 77
    GE     shift, and go to state 78
    LE     shift, and go to state 79
    '<'    shift, and go to state 80
    '>'    shift, and go to state 81
    '+'    shift, and go to state 82
    '-'    shift, and go to state 83
    '*'    shift, and go to state 84
    '/'    shift, and go to state 85
    '%'    shift, and go to state 86
    '&'    shift, and go to state 87
    '|'    shift, and go to state 88
    '^'    shift, and go to state 89
    ';'    shift, and go to state 96


State 68

   49 expr: OBJECTID '=' . expr

    CONST_BOOL    shift, and go to state 38
    CONST_INT     shift, and go to state 39
    CONST_STRING  shift, and go to state 40
    CONST_FLOAT   shift, and go to state 41
    OBJECTID      shift, and go to state 42
    '-'           shift, and go to state 43
    '!'           shift, and go to state 44
    '~'           shift, and go to state 45
    '('           shift, and go to state 47

    expr  go to state 97
    call  go to state 58


State 69

   76 call: OBJECTID '(' . actual_list ')'
   77     | OBJECTID '(' . ')'

    CONST_BOOL    shift, and go to state 38
    CONST_INT     shift, and go to state 39
    CONST_STRING  shift, and go to state 40
    CONST_FLOAT   shift, and go to state 41
    OBJECTID      shift, and go to state 42
    '-'           shift, and go to state 43
    '!'           shift, and go to state 44
    '~'           shift, and go to state 45
    '('           shift, and go to state 47
    ')'           shift, and go to state 98

    ')'       [reduce using rule 79 (actual_list)]
    $default  reduce using rule 79 (actual_list)

    expr         go to state 99
    call         go to state 58
    actual       go to state 100
    actual_list  go to state 101


State 70

   57 expr: expr . '+' expr
   58     | expr . '-' expr
   59     | expr . '*' expr
   60     | expr . '/' expr
   61     | expr . '%' expr
   62     | '-' expr .
   63     | expr . '<' expr
   64     | expr . LE expr
   65     | expr . EQUAL expr
   66     | expr . NE expr
   67     | expr . GE expr
   68     | expr . '>' expr
   69     | expr . AND expr
   70     | expr . OR expr
   71     | expr . '^' expr
   74     | expr . '&' expr
   75     | expr . '|' expr

    '&'  shift, and go to state 87
    '|'  shift, and go to state 88
    '^'  shift, and go to state 89

    $default  reduce using rule 62 (expr)


State 71

   57 expr: expr . '+' expr
   58     | expr . '-' expr
   59     | expr . '*' expr
   60     | expr . '/' expr
   61     | expr . '%' expr
   63     | expr . '<' expr
   64     | expr . LE expr
   65     | expr . EQUAL expr
   66     | expr . NE expr
   67     | expr . GE expr
   68     | expr . '>' expr
   69     | expr . AND expr
   70     | expr . OR expr
   71     | expr . '^' expr
   72     | '!' expr .
   74     | expr . '&' expr
   75     | expr . '|' expr

    '&'  shift, and go to state 87
    '|'  shift, and go to state 88
    '^'  shift, and go to state 89

    $default  reduce using rule 72 (expr)


State 72

   57 expr: expr . '+' expr
   58     | expr . '-' expr
   59     | expr . '*' expr
   60     | expr . '/' expr
   61     | expr . '%' expr
   63     | expr . '<' expr
   64     | expr . LE expr
   65     | expr . EQUAL expr
   66     | expr . NE expr
   67     | expr . GE expr
   68     | expr . '>' expr
   69     | expr . AND expr
   70     | expr . OR expr
   71     | expr . '^' expr
   73     | '~' expr .
   74     | expr . '&' expr
   75     | expr . '|' expr

    $default  reduce using rule 73 (expr)


State 73

   55 expr: '(' expr . ')'
   57     | expr . '+' expr
   58     | expr . '-' expr
   59     | expr . '*' expr
   60     | expr . '/' expr
   61     | expr . '%' expr
   63     | expr . '<' expr
   64     | expr . LE expr
   65     | expr . EQUAL expr
   66     | expr . NE expr
   67     | expr . GE expr
   68     | expr . '>' expr
   69     | expr . AND expr
   70     | expr . OR expr
   71     | expr . '^' expr
   74     | expr . '&' expr
   75     | expr . '|' expr

    AND    shift, and go to state 74
    OR     shift, and go to state 75
    EQUAL  shift, and go to state 76
    NE     shift, and go to state 77
    GE     shift, and go to state 78
    LE     shift, and go to state 79
    '<'    shift, and go to state 80
    '>'    shift, and go to state 81
    '+'    shift, and go to state 82
    '-'    shift, and go to state 83
    '*'    shift, and go to state 84
    '/'    shift, and go to state 85
    '%'    shift, and go to state 86
    '&'    shift, and go to state 87
    '|'    shift, and go to state 88
    '^'    shift, and go to state 89
    ')'    shift, and go to state 102


State 74

   69 expr: expr AND . expr

    CONST_BOOL    shift, and go to state 38
    CONST_INT     shift, and go to state 39
    CONST_STRING  shift, and go to state 40
    CONST_FLOAT   shift, and go to state 41
    OBJECTID      shift, and go to state 42
    '-'           shift, and go to state 43
    '!'           shift, and go to state 44
    '~'           shift, and go to state 45
    '('           shift, and go to state 47

    expr  go to state 103
    call  go to state 58


State 75

   70 expr: expr OR . expr

    CONST_BOOL    shift, and go to state 38
    CONST_INT     shift, and go to state 39
    CONST_STRING  shift, and go to state 40
    CONST_FLOAT   shift, and go to state 41
    OBJECTID      shift, and go to state 42
    '-'           shift, and go to state 43
    '!'           shift, and go to state 44
    '~'           shift, and go to state 45
    '('           shift, and go to state 47

    expr  go to state 104
    call  go to state 58


State 76

   65 expr: expr EQUAL . expr

    CONST_BOOL    shift, and go to state 38
    CONST_INT     shift, and go to state 39
    CONST_STRING  shift, and go to state 40
    CONST_FLOAT   shift, and go to state 41
    OBJECTID      shift, and go to state 42
    '-'           shift, and go to state 43
    '!'           shift, and go to state 44
    '~'           shift, and go to state 45
    '('           shift, and go to state 47

    expr  go to state 105
    call  go to state 58


State 77

   66 expr: expr NE . expr

    CONST_BOOL    shift, and go to state 38
    CONST_INT     shift, and go to state 39
    CONST_STRING  shift, and go to state 40
    CONST_FLOAT   shift, and go to state 41
    OBJECTID      shift, and go to state 42
    '-'           shift, and go to state 43
    '!'           shift, and go to state 44
    '~'           shift, and go to state 45
    '('           shift, and go to state 47

    expr  go to state 106
    call  go to state 58


State 78

   67 expr: expr GE . expr

    CONST_BOOL    shift, and go to state 38
    CONST_INT     shift, and go to state 39
    CONST_STRING  shift, and go to state 40
    CONST_FLOAT   shift, and go to state 41
    OBJECTID      shift, and go to state 42
    '-'           shift, and go to state 43
    '!'           shift, and go to state 44
    '~'           shift, and go to state 45
    '('           shift, and go to state 47

    expr  go to state 107
    call  go to state 58


State 79

   64 expr: expr LE . expr

    CONST_BOOL    shift, and go to state 38
    CONST_INT     shift, and go to state 39
    CONST_STRING  shift, and go to state 40
    CONST_FLOAT   shift, and go to state 41
    OBJECTID      shift, and go to state 42
    '-'           shift, and go to state 43
    '!'           shift, and go to state 44
    '~'           shift, and go to state 45
    '('           shift, and go to state 47

    expr  go to state 108
    call  go to state 58


State 80

   63 expr: expr '<' . expr

    CONST_BOOL    shift, and go to state 38
    CONST_INT     shift, and go to state 39
    CONST_STRING  shift, and go to state 40
    CONST_FLOAT   shift, and go to state 41
    OBJECTID      shift, and go to state 42
    '-'           shift, and go to state 43
    '!'           shift, and go to state 44
    '~'           shift, and go to state 45
    '('           shift, and go to state 47

    expr  go to state 109
    call  go to state 58


State 81

   68 expr: expr '>' . expr

    CONST_BOOL    shift, and go to state 38
    CONST_INT     shift, and go to state 39
    CONST_STRING  shift, and go to state 40
    CONST_FLOAT   shift, and go to state 41
    OBJECTID      shift, and go to state 42
    '-'           shift, and go to state 43
    '!'           shift, and go to state 44
    '~'           shift, and go to state 45
    '('           shift, and go to state 47

    expr  go to state 110
    call  go to state 58


State 82

   57 expr: expr '+' . expr

    CONST_BOOL    shift, and go to state 38
    CONST_INT     shift, and go to state 39
    CONST_STRING  shift, and go to state 40
    CONST_FLOAT   shift, and go to state 41
    OBJECTID      shift, and go to state 42
    '-'           shift, and go to state 43
    '!'           shift, and go to state 44
    '~'           shift, and go to state 45
    '('           shift, and go to state 47

    expr  go to state 111
    call  go to state 58


State 83

   58 expr: expr '-' . expr

    CONST_BOOL    shift, and go to state 38
    CONST_INT     shift, and go to state 39
    CONST_STRING  shift, and go to state 40
    CONST_FLOAT   shift, and go to state 41
    OBJECTID      shift, and go to state 42
    '-'           shift, and go to state 43
    '!'           shift, and go to state 44
    '~'           shift, and go to state 45
    '('           shift, and go to state 47

    expr  go to state 112
    call  go to state 58


State 84

   59 expr: expr '*' . expr

    CONST_BOOL    shift, and go to state 38
    CONST_INT     shift, and go to state 39
    CONST_STRING  shift, and go to state 40
    CONST_FLOAT   shift, and go to state 41
    OBJECTID      shift, and go to state 42
    '-'           shift, and go to state 43
    '!'           shift, and go to state 44
    '~'           shift, and go to state 45
    '('           shift, and go to state 47

    expr  go to state 113
    call  go to state 58


State 85

   60 expr: expr '/' . expr

    CONST_BOOL    shift, and go to state 38
    CONST_INT     shift, and go to state 39
    CONST_STRING  shift, and go to state 40
    CONST_FLOAT   shift, and go to state 41
    OBJECTID      shift, and go to state 42
    '-'           shift, and go to state 43
    '!'           shift, and go to state 44
    '~'           shift, and go to state 45
    '('           shift, and go to state 47

    expr  go to state 114
    call  go to state 58


State 86

   61 expr: expr '%' . expr

    CONST_BOOL    shift, and go to state 38
    CONST_INT     shift, and go to state 39
    CONST_STRING  shift, and go to state 40
    CONST_FLOAT   shift, and go to state 41
    OBJECTID      shift, and go to state 42
    '-'           shift, and go to state 43
    '!'           shift, and go to state 44
    '~'           shift, and go to state 45
    '('           shift, and go to state 47

    expr  go to state 115
    call  go to state 58


State 87

   74 expr: expr '&' . expr

    CONST_BOOL    shift, and go to state 38
    CONST_INT     shift, and go to state 39
    CONST_STRING  shift, and go to state 40
    CONST_FLOAT   shift, and go to state 41
    OBJECTID      shift, and go to state 42
    '-'           shift, and go to state 43
    '!'           shift, and go to state 44
    '~'           shift, and go to state 45
    '('           shift, and go to state 47

    expr  go to state 116
    call  go to state 58


State 88

   75 expr: expr '|' . expr

    CONST_BOOL    shift, and go to state 38
    CONST_INT     shift, and go to state 39
    CONST_STRING  shift, and go to state 40
    CONST_FLOAT   shift, and go to state 41
    OBJECTID      shift, and go to state 42
    '-'           shift, and go to state 43
    '!'           shift, and go to state 44
    '~'           shift, and go to state 45
    '('           shift, and go to state 47

    expr  go to state 117
    call  go to state 58


State 89

   71 expr: expr '^' . expr

    CONST_BOOL    shift, and go to state 38
    CONST_INT     shift, and go to state 39
    CONST_STRING  shift, and go to state 40
    CONST_FLOAT   shift, and go to state 41
    OBJECTID      shift, and go to state 42
    '-'           shift, and go to state 43
    '!'           shift, and go to state 44
    '~'           shift, and go to state 45
    '('           shift, and go to state 47

    expr  go to state 118
    call  go to state 58


State 90

   24 stmt: expr ';' .

    $default  reduce using rule 24 (stmt)


State 91

   34 ifStmt: IF expr stmtBlock . ELSE stmtBlock
   35       | IF expr stmtBlock .

    ELSE  shift, and go to state 119

    $default  reduce using rule 35 (ifStmt)


State 92

   36 whileStmt: WHILE expr stmtBlock .

    $default  reduce using rule 36 (whileStmt)


State 93

   43 forStmt: FOR ';' ';' . expr stmtBlock
   44        | FOR ';' ';' . stmtBlock

    CONST_BOOL    shift, and go to state 38
    CONST_INT     shift, and go to state 39
    CONST_STRING  shift, and go to state 40
    CONST_FLOAT   shift, and go to state 41
    OBJECTID      shift, and go to state 42
    '-'           shift, and go to state 43
    '!'           shift, and go to state 44
    '~'           shift, and go to state 45
    '('           shift, and go to state 47
    '{'           shift, and go to state 19

    stmtBlock  go to state 120
    expr       go to state 121
    call       go to state 58


State 94

   41 forStmt: FOR ';' expr . ';' expr stmtBlock
   42        | FOR ';' expr . ';' stmtBlock
   57 expr: expr . '+' expr
   58     | expr . '-' expr
   59     | expr . '*' expr
   60     | expr . '/' expr
   61     | expr . '%' expr
   63     | expr . '<' expr
   64     | expr . LE expr
   65     | expr . EQUAL expr
   66     | expr . NE expr
   67     | expr . GE expr
   68     | expr . '>' expr
   69     | expr . AND expr
   70     | expr . OR expr
   71     | expr . '^' expr
   74     | expr . '&' expr
   75     | expr . '|' expr

    AND    shift, and go to state 74
    OR     shift, and go to state 75
    EQUAL  shift, and go to state 76
    NE     shift, and go to state 77
    GE     shift, and go to state 78
    LE     shift, and go to state 79
    '<'    shift, and go to state 80
    '>'    shift, and go to state 81
    '+'    shift, and go to state 82
    '-'    shift, and go to state 83
    '*'    shift, and go to state 84
    '/'    shift, and go to state 85
    '%'    shift, and go to state 86
    '&'    shift, and go to state 87
    '|'    shift, and go to state 88
    '^'    shift, and go to state 89
    ';'    shift, and go to state 122


State 95

   37 forStmt: FOR expr ';' . expr ';' expr stmtBlock
   38        | FOR expr ';' . expr ';' stmtBlock
   39        | FOR expr ';' . ';' expr stmtBlock
   40        | FOR expr ';' . ';' stmtBlock

    CONST_BOOL    shift, and go to state 38
    CONST_INT     shift, and go to state 39
    CONST_STRING  shift, and go to state 40
    CONST_FLOAT   shift, and go to state 41
    OBJECTID      shift, and go to state 42
    '-'           shift, and go to state 43
    '!'           shift, and go to state 44
    '~'           shift, and go to state 45
    ';'           shift, and go to state 123
    '('           shift, and go to state 47

    expr  go to state 124
    call  go to state 58


State 96

   45 returnStmt: RETURN expr ';' .

    $default  reduce using rule 45 (returnStmt)


State 97

   49 expr: OBJECTID '=' expr .
   57     | expr . '+' expr
   58     | expr . '-' expr
   59     | expr . '*' expr
   60     | expr . '/' expr
   61     | expr . '%' expr
   63     | expr . '<' expr
   64     | expr . LE expr
   65     | expr . EQUAL expr
   66     | expr . NE expr
   67     | expr . GE expr
   68     | expr . '>' expr
   69     | expr . AND expr
   70     | expr . OR expr
   71     | expr . '^' expr
   74     | expr . '&' expr
   75     | expr . '|' expr

    AND    shift, and go to state 74
    OR     shift, and go to state 75
    EQUAL  shift, and go to state 76
    NE     shift, and go to state 77
    GE     shift, and go to state 78
    LE     shift, and go to state 79
    '<'    shift, and go to state 80
    '>'    shift, and go to state 81
    '+'    shift, and go to state 82
    '-'    shift, and go to state 83
    '*'    shift, and go to state 84
    '/'    shift, and go to state 85
    '%'    shift, and go to state 86
    '&'    shift, and go to state 87
    '|'    shift, and go to state 88
    '^'    shift, and go to state 89

    $default  reduce using rule 49 (expr)


State 98

   77 call: OBJECTID '(' ')' .

    $default  reduce using rule 77 (call)


State 99

   57 expr: expr . '+' expr
   58     | expr . '-' expr
   59     | expr . '*' expr
   60     | expr . '/' expr
   61     | expr . '%' expr
   63     | expr . '<' expr
   64     | expr . LE expr
   65     | expr . EQUAL expr
   66     | expr . NE expr
   67     | expr . GE expr
   68     | expr . '>' expr
   69     | expr . AND expr
   70     | expr . OR expr
   71     | expr . '^' expr
   74     | expr . '&' expr
   75     | expr . '|' expr
   78 actual: expr .

    AND    shift, and go to state 74
    OR     shift, and go to state 75
    EQUAL  shift, and go to state 76
    NE     shift, and go to state 77
    GE     shift, and go to state 78
    LE     shift, and go to state 79
    '<'    shift, and go to state 80
    '>'    shift, and go to state 81
    '+'    shift, and go to state 82
    '-'    shift, and go to state 83
    '*'    shift, and go to state 84
    '/'    shift, and go to state 85
    '%'    shift, and go to state 86
    '&'    shift, and go to state 87
    '|'    shift, and go to state 88
    '^'    shift, and go to state 89

    $default  reduce using rule 78 (actual)


State 100

   80 actual_list: actual .

    $default  reduce using rule 80 (actual_list)


State 101

   76 call: OBJECTID '(' actual_list . ')'
   81 actual_list: actual_list . ',' actual

    ')'  shift, and go to state 125
    ','  shift, and go to state 126


State 102

   55 expr: '(' expr ')' .

    $default  reduce using rule 55 (expr)


State 103

   57 expr: expr . '+' expr
   58     | expr . '-' expr
   59     | expr . '*' expr
   60     | expr . '/' expr
   61     | expr . '%' expr
   63     | expr . '<' expr
   64     | expr . LE expr
   65     | expr . EQUAL expr
   66     | expr . NE expr
   67     | expr . GE expr
   68     | expr . '>' expr
   69     | expr . AND expr
   69     | expr AND expr .
   70     | expr . OR expr
   71     | expr . '^' expr
   74     | expr . '&' expr
   75     | expr . '|' expr

    AND    shift, and go to state 74
    EQUAL  shift, and go to state 76
    NE     shift, and go to state 77
    GE     shift, and go to state 78
    LE     shift, and go to state 79
    '<'    shift, and go to state 80
    '>'    shift, and go to state 81
    '+'    shift, and go to state 82
    '-'    shift, and go to state 83
    '*'    shift, and go to state 84
    '/'    shift, and go to state 85
    '%'    shift, and go to state 86
    '&'    shift, and go to state 87
    '|'    shift, and go to state 88
    '^'    shift, and go to state 89

    $default  reduce using rule 69 (expr)


State 104

   57 expr: expr . '+' expr
   58     | expr . '-' expr
   59     | expr . '*' expr
   60     | expr . '/' expr
   61     | expr . '%' expr
   63     | expr . '<' expr
   64     | expr . LE expr
   65     | expr . EQUAL expr
   66     | expr . NE expr
   67     | expr . GE expr
   68     | expr . '>' expr
   69     | expr . AND expr
   70     | expr . OR expr
   70     | expr OR expr .
   71     | expr . '^' expr
   74     | expr . '&' expr
   75     | expr . '|' expr

    AND    shift, and go to state 74
    OR     shift, and go to state 75
    EQUAL  shift, and go to state 76
    NE     shift, and go to state 77
    GE     shift, and go to state 78
    LE     shift, and go to state 79
    '<'    shift, and go to state 80
    '>'    shift, and go to state 81
    '+'    shift, and go to state 82
    '-'    shift, and go to state 83
    '*'    shift, and go to state 84
    '/'    shift, and go to state 85
    '%'    shift, and go to state 86
    '&'    shift, and go to state 87
    '|'    shift, and go to state 88
    '^'    shift, and go to state 89

    $default  reduce using rule 70 (expr)


State 105

   57 expr: expr . '+' expr
   58     | expr . '-' expr
   59     | expr . '*' expr
   60     | expr . '/' expr
   61     | expr . '%' expr
   63     | expr . '<' expr
   64     | expr . LE expr
   65     | expr . EQUAL expr
   65     | expr EQUAL expr .
   66     | expr . NE expr
   67     | expr . GE expr
   68     | expr . '>' expr
   69     | expr . AND expr
   70     | expr . OR expr
   71     | expr . '^' expr
   74     | expr . '&' expr
   75     | expr . '|' expr

    GE   shift, and go to state 78
    LE   shift, and go to state 79
    '<'  shift, and go to state 80
    '>'  shift, and go to state 81
    '+'  shift, and go to state 82
    '-'  shift, and go to state 83
    '*'  shift, and go to state 84
    '/'  shift, and go to state 85
    '%'  shift, and go to state 86
    '&'  shift, and go to state 87
    '|'  shift, and go to state 88
    '^'  shift, and go to state 89

    EQUAL  error (nonassociative)
    NE     error (nonassociative)

    $default  reduce using rule 65 (expr)


State 106

   57 expr: expr . '+' expr
   58     | expr . '-' expr
   59     | expr . '*' expr
   60     | expr . '/' expr
   61     | expr . '%' expr
   63     | expr . '<' expr
   64     | expr . LE expr
   65     | expr . EQUAL expr
   66     | expr . NE expr
   66     | expr NE expr .
   67     | expr . GE expr
   68     | expr . '>' expr
   69     | expr . AND expr
   70     | expr . OR expr
   71     | expr . '^' expr
   74     | expr . '&' expr
   75     | expr . '|' expr

    GE   shift, and go to state 78
    LE   shift, and go to state 79
    '<'  shift, and go to state 80
    '>'  shift, and go to state 81
    '+'  shift, and go to state 82
    '-'  shift, and go to state 83
    '*'  shift, and go to state 84
    '/'  shift, and go to state 85
    '%'  shift, and go to state 86
    '&'  shift, and go to state 87
    '|'  shift, and go to state 88
    '^'  shift, and go to state 89

    EQUAL  error (nonassociative)
    NE     error (nonassociative)

    $default  reduce using rule 66 (expr)


State 107

   57 expr: expr . '+' expr
   58     | expr . '-' expr
   59     | expr . '*' expr
   60     | expr . '/' expr
   61     | expr . '%' expr
   63     | expr . '<' expr
   64     | expr . LE expr
   65     | expr . EQUAL expr
   66     | expr . NE expr
   67     | expr . GE expr
   67     | expr GE expr .
   68     | expr . '>' expr
   69     | expr . AND expr
   70     | expr . OR expr
   71     | expr . '^' expr
   74     | expr . '&' expr
   75     | expr . '|' expr

    '+'  shift, and go to state 82
    '-'  shift, and go to state 83
    '*'  shift, and go to state 84
    '/'  shift, and go to state 85
    '%'  shift, and go to state 86
    '&'  shift, and go to state 87
    '|'  shift, and go to state 88
    '^'  shift, and go to state 89

    $default  reduce using rule 67 (expr)


State 108

   57 expr: expr . '+' expr
   58     | expr . '-' expr
   59     | expr . '*' expr
   60     | expr . '/' expr
   61     | expr . '%' expr
   63     | expr . '<' expr
   64     | expr . LE expr
   64     | expr LE expr .
   65     | expr . EQUAL expr
   66     | expr . NE expr
   67     | expr . GE expr
   68     | expr . '>' expr
   69     | expr . AND expr
   70     | expr . OR expr
   71     | expr . '^' expr
   74     | expr . '&' expr
   75     | expr . '|' expr

    '+'  shift, and go to state 82
    '-'  shift, and go to state 83
    '*'  shift, and go to state 84
    '/'  shift, and go to state 85
    '%'  shift, and go to state 86
    '&'  shift, and go to state 87
    '|'  shift, and go to state 88
    '^'  shift, and go to state 89

    $default  reduce using rule 64 (expr)


State 109

   57 expr: expr . '+' expr
   58     | expr . '-' expr
   59     | expr . '*' expr
   60     | expr . '/' expr
   61     | expr . '%' expr
   63     | expr . '<' expr
   63     | expr '<' expr .
   64     | expr . LE expr
   65     | expr . EQUAL expr
   66     | expr . NE expr
   67     | expr . GE expr
   68     | expr . '>' expr
   69     | expr . AND expr
   70     | expr . OR expr
   71     | expr . '^' expr
   74     | expr . '&' expr
   75     | expr . '|' expr

    '+'  shift, and go to state 82
    '-'  shift, and go to state 83
    '*'  shift, and go to state 84
    '/'  shift, and go to state 85
    '%'  shift, and go to state 86
    '&'  shift, and go to state 87
    '|'  shift, and go to state 88
    '^'  shift, and go to state 89

    $default  reduce using rule 63 (expr)


State 110

   57 expr: expr . '+' expr
   58     | expr . '-' expr
   59     | expr . '*' expr
   60     | expr . '/' expr
   61     | expr . '%' expr
   63     | expr . '<' expr
   64     | expr . LE expr
   65     | expr . EQUAL expr
   66     | expr . NE expr
   67     | expr . GE expr
   68     | expr . '>' expr
   68     | expr '>' expr .
   69     | expr . AND expr
   70     | expr . OR expr
   71     | expr . '^' expr
   74     | expr . '&' expr
   75     | expr . '|' expr

    '+'  shift, and go to state 82
    '-'  shift, and go to state 83
    '*'  shift, and go to state 84
    '/'  shift, and go to state 85
    '%'  shift, and go to state 86
    '&'  shift, and go to state 87
    '|'  shift, and go to state 88
    '^'  shift, and go to state 89

    $default  reduce using rule 68 (expr)


State 111

   57 expr: expr . '+' expr
   57     | expr '+' expr .
   58     | expr . '-' expr
   59     | expr . '*' expr
   60     | expr . '/' expr
   61     | expr . '%' expr
   63     | expr . '<' expr
   64     | expr . LE expr
   65     | expr . EQUAL expr
   66     | expr . NE expr
   67     | expr . GE expr
   68     | expr . '>' expr
   69     | expr . AND expr
   70     | expr . OR expr
   71     | expr . '^' expr
   74     | expr . '&' expr
   75     | expr . '|' expr

    '*'  shift, and go to state 84
    '/'  shift, and go to state 85
    '%'  shift, and go to state 86
    '&'  shift, and go to state 87
    '|'  shift, and go to state 88
    '^'  shift, and go to state 89

    $default  reduce using rule 57 (expr)


State 112

   57 expr: expr . '+' expr
   58     | expr . '-' expr
   58     | expr '-' expr .
   59     | expr . '*' expr
   60     | expr . '/' expr
   61     | expr . '%' expr
   63     | expr . '<' expr
   64     | expr . LE expr
   65     | expr . EQUAL expr
   66     | expr . NE expr
   67     | expr . GE expr
   68     | expr . '>' expr
   69     | expr . AND expr
   70     | expr . OR expr
   71     | expr . '^' expr
   74     | expr . '&' expr
   75     | expr . '|' expr

    '*'  shift, and go to state 84
    '/'  shift, and go to state 85
    '%'  shift, and go to state 86
    '&'  shift, and go to state 87
    '|'  shift, and go to state 88
    '^'  shift, and go to state 89

    $default  reduce using rule 58 (expr)


State 113

   57 expr: expr . '+' expr
   58     | expr . '-' expr
   59     | expr . '*' expr
   59     | expr '*' expr .
   60     | expr . '/' expr
   61     | expr . '%' expr
   63     | expr . '<' expr
   64     | expr . LE expr
   65     | expr . EQUAL expr
   66     | expr . NE expr
   67     | expr . GE expr
   68     | expr . '>' expr
   69     | expr . AND expr
   70     | expr . OR expr
   71     | expr . '^' expr
   74     | expr . '&' expr
   75     | expr . '|' expr

    '&'  shift, and go to state 87
    '|'  shift, and go to state 88
    '^'  shift, and go to state 89

    $default  reduce using rule 59 (expr)


State 114

   57 expr: expr . '+' expr
   58     | expr . '-' expr
   59     | expr . '*' expr
   60     | expr . '/' expr
   60     | expr '/' expr .
   61     | expr . '%' expr
   63     | expr . '<' expr
   64     | expr . LE expr
   65     | expr . EQUAL expr
   66     | expr . NE expr
   67     | expr . GE expr
   68     | expr . '>' expr
   69     | expr . AND expr
   70     | expr . OR expr
   71     | expr . '^' expr
   74     | expr . '&' expr
   75     | expr . '|' expr

    '&'  shift, and go to state 87
    '|'  shift, and go to state 88
    '^'  shift, and go to state 89

    $default  reduce using rule 60 (expr)


State 115

   57 expr: expr . '+' expr
   58     | expr . '-' expr
   59     | expr . '*' expr
   60     | expr . '/' expr
   61     | expr . '%' expr
   61     | expr '%' expr .
   63     | expr . '<' expr
   64     | expr . LE expr
   65     | expr . EQUAL expr
   66     | expr . NE expr
   67     | expr . GE expr
   68     | expr . '>' expr
   69     | expr . AND expr
   70     | expr . OR expr
   71     | expr . '^' expr
   74     | expr . '&' expr
   75     | expr . '|' expr

    '&'  shift, and go to state 87
    '|'  shift, and go to state 88
    '^'  shift, and go to state 89

    $default  reduce using rule 61 (expr)


State 116

   57 expr: expr . '+' expr
   58     | expr . '-' expr
   59     | expr . '*' expr
   60     | expr . '/' expr
   61     | expr . '%' expr
   63     | expr . '<' expr
   64     | expr . LE expr
   65     | expr . EQUAL expr
   66     | expr . NE expr
   67     | expr . GE expr
   68     | expr . '>' expr
   69     | expr . AND expr
   70     | expr . OR expr
   71     | expr . '^' expr
   74     | expr . '&' expr
   74     | expr '&' expr .
   75     | expr . '|' expr

    $default  reduce using rule 74 (expr)


State 117

   57 expr: expr . '+' expr
   58     | expr . '-' expr
   59     | expr . '*' expr
   60     | expr . '/' expr
   61     | expr . '%' expr
   63     | expr . '<' expr
   64     | expr . LE expr
   65     | expr . EQUAL expr
   66     | expr . NE expr
   67     | expr . GE expr
   68     | expr . '>' expr
   69     | expr . AND expr
   70     | expr . OR expr
   71     | expr . '^' expr
   74     | expr . '&' expr
   75     | expr . '|' expr
   75     | expr '|' expr .

    $default  reduce using rule 75 (expr)


State 118

   57 expr: expr . '+' expr
   58     | expr . '-' expr
   59     | expr . '*' expr
   60     | expr . '/' expr
   61     | expr . '%' expr
   63     | expr . '<' expr
   64     | expr . LE expr
   65     | expr . EQUAL expr
   66     | expr . NE expr
   67     | expr . GE expr
   68     | expr . '>' expr
   69     | expr . AND expr
   70     | expr . OR expr
   71     | expr . '^' expr
   71     | expr '^' expr .
   74     | expr . '&' expr
   75     | expr . '|' expr

    $default  reduce using rule 71 (expr)


State 119

   34 ifStmt: IF expr stmtBlock ELSE . stmtBlock

    '{'  shift, and go to state 19

    stmtBlock  go to state 127


State 120

   44 forStmt: FOR ';' ';' stmtBlock .

    $default  reduce using rule 44 (forStmt)


State 121

   43 forStmt: FOR ';' ';' expr . stmtBlock
   57 expr: expr . '+' expr
   58     | expr . '-' expr
   59     | expr . '*' expr
   60     | expr . '/' expr
   61     | expr . '%' expr
   63     | expr . '<' expr
   64     | expr . LE expr
   65     | expr . EQUAL expr
   66     | expr . NE expr
   67     | expr . GE expr
   68     | expr . '>' expr
   69     | expr . AND expr
   70     | expr . OR expr
   71     | expr . '^' expr
   74     | expr . '&' expr
   75     | expr . '|' expr

    AND    shift, and go to state 74
    OR     shift, and go to state 75
    EQUAL  shift, and go to state 76
    NE     shift, and go to state 77
    GE     shift, and go to state 78
    LE     shift, and go to state 79
    '<'    shift, and go to state 80
    '>'    shift, and go to state 81
    '+'    shift, and go to state 82
    '-'    shift, and go to state 83
    '*'    shift, and go to state 84
    '/'    shift, and go to state 85
    '%'    shift, and go to state 86
    '&'    shift, and go to state 87
    '|'    shift, and go to state 88
    '^'    shift, and go to state 89
    '{'    shift, and go to state 19

    stmtBlock  go to state 128


State 122

   41 forStmt: FOR ';' expr ';' . expr stmtBlock
   42        | FOR ';' expr ';' . stmtBlock

    CONST_BOOL    shift, and go to state 38
    CONST_INT     shift, and go to state 39
    CONST_STRING  shift, and go to state 40
    CONST_FLOAT   shift, and go to state 41
    OBJECTID      shift, and go to state 42
    '-'           shift, and go to state 43
    '!'           shift, and go to state 44
    '~'           shift, and go to state 45
    '('           shift, and go to state 47
    '{'           shift, and go to state 19

    stmtBlock  go to state 129
    expr       go to state 130
    call       go to state 58


State 123

   39 forStmt: FOR expr ';' ';' . expr stmtBlock
   40        | FOR expr ';' ';' . stmtBlock

    CONST_BOOL    shift, and go to state 38
    CONST_INT     shift, and go to state 39
    CONST_STRING  shift, and go to state 40
    CONST_FLOAT   shift, and go to state 41
    OBJECTID      shift, and go to state 42
    '-'           shift, and go to state 43
    '!'           shift, and go to state 44
    '~'           shift, and go to state 45
    '('           shift, and go to state 47
    '{'           shift, and go to state 19

    stmtBlock  go to state 131
    expr       go to state 132
    call       go to state 58


State 124

   37 forStmt: FOR expr ';' expr . ';' expr stmtBlock
   38        | FOR expr ';' expr . ';' stmtBlock
   57 expr: expr . '+' expr
   58     | expr . '-' expr
   59     | expr . '*' expr
   60     | expr . '/' expr
   61     | expr . '%' expr
   63     | expr . '<' expr
   64     | expr . LE expr
   65     | expr . EQUAL expr
   66     | expr . NE expr
   67     | expr . GE expr
   68     | expr . '>' expr
   69     | expr . AND expr
   70     | expr . OR expr
   71     | expr . '^' expr
   74     | expr . '&' expr
   75     | expr . '|' expr

    AND    shift, and go to state 74
    OR     shift, and go to state 75
    EQUAL  shift, and go to state 76
    NE     shift, and go to state 77
    GE     shift, and go to state 78
    LE     shift, and go to state 79
    '<'    shift, and go to state 80
    '>'    shift, and go to state 81
    '+'    shift, and go to state 82
    '-'    shift, and go to state 83
    '*'    shift, and go to state 84
    '/'    shift, and go to state 85
    '%'    shift, and go to state 86
    '&'    shift, and go to state 87
    '|'    shift, and go to state 88
    '^'    shift, and go to state 89
    ';'    shift, and go to state 133


State 125

   76 call: OBJECTID '(' actual_list ')' .

    $default  reduce using rule 76 (call)


State 126

   81 actual_list: actual_list ',' . actual

    CONST_BOOL    shift, and go to state 38
    CONST_INT     shift, and go to state 39
    CONST_STRING  shift, and go to state 40
    CONST_FLOAT   shift, and go to state 41
    OBJECTID      shift, and go to state 42
    '-'           shift, and go to state 43
    '!'           shift, and go to state 44
    '~'           shift, and go to state 45
    '('           shift, and go to state 47

    expr    go to state 99
    call    go to state 58
    actual  go to state 134


State 127

   34 ifStmt: IF expr stmtBlock ELSE stmtBlock .

    $default  reduce using rule 34 (ifStmt)


State 128

   43 forStmt: FOR ';' ';' expr stmtBlock .

    $default  reduce using rule 43 (forStmt)


State 129

   42 forStmt: FOR ';' expr ';' stmtBlock .

    $default  reduce using rule 42 (forStmt)


State 130

   41 forStmt: FOR ';' expr ';' expr . stmtBlock
   57 expr: expr . '+' expr
   58     | expr . '-' expr
   59     | expr . '*' expr
   60     | expr . '/' expr
   61     | expr . '%' expr
   63     | expr . '<' expr
   64     | expr . LE expr
   65     | expr . EQUAL expr
   66     | expr . NE expr
   67     | expr . GE expr
   68     | expr . '>' expr
   69     | expr . AND expr
   70     | expr . OR expr
   71     | expr . '^' expr
   74     | expr . '&' expr
   75     | expr . '|' expr

    AND    shift, and go to state 74
    OR     shift, and go to state 75
    EQUAL  shift, and go to state 76
    NE     shift, and go to state 77
    GE     shift, and go to state 78
    LE     shift, and go to state 79
    '<'    shift, and go to state 80
    '>'    shift, and go to state 81
    '+'    shift, and go to state 82
    '-'    shift, and go to state 83
    '*'    shift, and go to state 84
    '/'    shift, and go to state 85
    '%'    shift, and go to state 86
    '&'    shift, and go to state 87
    '|'    shift, and go to state 88
    '^'    shift, and go to state 89
    '{'    shift, and go to state 19

    stmtBlock  go to state 135


State 131

   40 forStmt: FOR expr ';' ';' stmtBlock .

    $default  reduce using rule 40 (forStmt)


State 132

   39 forStmt: FOR expr ';' ';' expr . stmtBlock
   57 expr: expr . '+' expr
   58     | expr . '-' expr
   59     | expr . '*' expr
   60     | expr . '/' expr
   61     | expr . '%' expr
   63     | expr . '<' expr
   64     | expr . LE expr
   65     | expr . EQUAL expr
   66     | expr . NE expr
   67     | expr . GE expr
   68     | expr . '>' expr
   69     | expr . AND expr
   70     | expr . OR expr
   71     | expr . '^' expr
   74     | expr . '&' expr
   75     | expr . '|' expr

    AND    shift, and go to state 74
    OR     shift, and go to state 75
    EQUAL  shift, and go to state 76
    NE     shift, and go to state 77
    GE     shift, and go to state 78
    LE     shift, and go to state 79
    '<'    shift, and go to state 80
    '>'    shift, and go to state 81
    '+'    shift, and go to state 82
    '-'    shift, and go to state 83
    '*'    shift, and go to state 84
    '/'    shift, and go to state 85
    '%'    shift, and go to state 86
    '&'    shift, and go to state 87
    '|'    shift, and go to state 88
    '^'    shift, and go to state 89
    '{'    shift, and go to state 19

    stmtBlock  go to state 136


State 133

   37 forStmt: FOR expr ';' expr ';' . expr stmtBlock
   38        | FOR expr ';' expr ';' . stmtBlock

    CONST_BOOL    shift, and go to state 38
    CONST_INT     shift, and go to state 39
    CONST_STRING  shift, and go to state 40
    CONST_FLOAT   shift, and go to state 41
    OBJECTID      shift, and go to state 42
    '-'           shift, and go to state 43
    '!'           shift, and go to state 44
    '~'           shift, and go to state 45
    '('           shift, and go to state 47
    '{'           shift, and go to state 19

    stmtBlock  go to state 137
    expr       go to state 138
    call       go to state 58


State 134

   81 actual_list: actual_list ',' actual .

    $default  reduce using rule 81 (actual_list)


State 135

   41 forStmt: FOR ';' expr ';' expr stmtBlock .

    $default  reduce using rule 41 (forStmt)


State 136

   39 forStmt: FOR expr ';' ';' expr stmtBlock .

    $default  reduce using rule 39 (forStmt)


State 137

   38 forStmt: FOR expr ';' expr ';' stmtBlock .

    $default  reduce using rule 38 (forStmt)


State 138

   37 forStmt: FOR expr ';' expr ';' expr . stmtBlock
   57 expr: expr . '+' expr
   58     | expr . '-' expr
   59     | expr . '*' expr
   60     | expr . '/' expr
   61     | expr . '%' expr
   63     | expr . '<' expr
   64     | expr . LE expr
   65     | expr . EQUAL expr
   66     | expr . NE expr
   67     | expr . GE expr
   68     | expr . '>' expr
   69     | expr . AND expr
   70     | expr . OR expr
   71     | expr . '^' expr
   74     | expr . '&' expr
   75     | expr . '|' expr

    AND    shift, and go to state 74
    OR     shift, and go to state 75
    EQUAL  shift, and go to state 76
    NE     shift, and go to state 77
    GE     shift, and go to state 78
    LE     shift, and go to state 79
    '<'    shift, and go to state 80
    '>'    shift, and go to state 81
    '+'    shift, and go to state 82
    '-'    shift, and go to state 83
    '*'    shift, and go to state 84
    '/'    shift, and go to state 85
    '%'    shift, and go to state 86
    '&'    shift, and go to state 87
    '|'    shift, and go to state 88
    '^'    shift, and go to state 89
    '{'    shift, and go to state 19

    stmtBlock  go to state 139


State 139

   37 forStmt: FOR expr ';' expr ';' expr stmtBlock .

    $default  reduce using rule 37 (forStmt)
